G:\My Soft\AngularJS5_Demo\AngularJS5_Demo\ng5\myTest-app\node_modules\@schematics\angular\application\files\dist\out-tsc\__sourcedir__\environments\environment.js
G:\My Soft\AngularJS5_Demo\AngularJS5_Demo\ng5\myTest-app\node_modules\@schematics\angular\application\files\dist\out-tsc\__sourcedir__\environments\environment.js.map
G:\My Soft\AngularJS5_Demo\AngularJS5_Demo\ng5\myTest-app\node_modules\@schematics\angular\application\files\dist\out-tsc\__sourcedir__\main.js
G:\My Soft\AngularJS5_Demo\AngularJS5_Demo\ng5\myTest-app\node_modules\@schematics\angular\application\files\dist\out-tsc\__sourcedir__\main.js.map
G:\My Soft\AngularJS5_Demo\AngularJS5_Demo\ng5\myTest-app\node_modules\@schematics\angular\application\files\dist\out-tsc\__sourcedir__\polyfills.js
G:\My Soft\AngularJS5_Demo\AngularJS5_Demo\ng5\myTest-app\node_modules\@schematics\angular\application\files\dist\out-tsc\__sourcedir__\polyfills.js.map
G:\My Soft\AngularJS5_Demo\AngularJS5_Demo\ng5\myTest-app\node_modules\@schematics\angular\application\files\dist\out-tsc\__sourcedir__\test.js
G:\My Soft\AngularJS5_Demo\AngularJS5_Demo\ng5\myTest-app\node_modules\@schematics\angular\application\files\dist\out-tsc\__sourcedir__\test.js.map
G:\My Soft\AngularJS5_Demo\AngularJS5_Demo\ng5\myTest-app\node_modules\@schematics\angular\application\files\dist\out-tsc\__sourcedir__\environments\environment.prod.js
G:\My Soft\AngularJS5_Demo\AngularJS5_Demo\ng5\myTest-app\node_modules\@schematics\angular\application\files\dist\out-tsc\__sourcedir__\environments\environment.prod.js.map
G:\My Soft\AngularJS5_Demo\AngularJS5_Demo\ng5\myTest-app\node_modules\@schematics\angular\application\files\dist\out-tsc\e2e\app.po.js
G:\My Soft\AngularJS5_Demo\AngularJS5_Demo\ng5\myTest-app\node_modules\@schematics\angular\application\files\dist\out-tsc\e2e\app.po.js.map
G:\My Soft\AngularJS5_Demo\AngularJS5_Demo\ng5\myTest-app\node_modules\@schematics\angular\application\files\dist\out-tsc\e2e\app.e2e-spec.js
G:\My Soft\AngularJS5_Demo\AngularJS5_Demo\ng5\myTest-app\node_modules\@schematics\angular\application\files\dist\out-tsc\e2e\app.e2e-spec.js.map
G:\My Soft\AngularJS5_Demo\AngularJS5_Demo\ng5\myTest-app\node_modules\@schematics\angular\application\files\dist\out-tsc\__sourcedir__\environments\environment.js
G:\My Soft\AngularJS5_Demo\AngularJS5_Demo\ng5\myTest-app\node_modules\@schematics\angular\application\files\dist\out-tsc\__sourcedir__\environments\environment.js.map
G:\My Soft\AngularJS5_Demo\AngularJS5_Demo\ng5\myTest-app\node_modules\@schematics\angular\application\files\dist\out-tsc\__sourcedir__\main.js
G:\My Soft\AngularJS5_Demo\AngularJS5_Demo\ng5\myTest-app\node_modules\@schematics\angular\application\files\dist\out-tsc\__sourcedir__\main.js.map
G:\My Soft\AngularJS5_Demo\AngularJS5_Demo\ng5\myTest-app\node_modules\@schematics\angular\application\files\dist\out-tsc\__sourcedir__\polyfills.js
G:\My Soft\AngularJS5_Demo\AngularJS5_Demo\ng5\myTest-app\node_modules\@schematics\angular\application\files\dist\out-tsc\__sourcedir__\polyfills.js.map
G:\My Soft\AngularJS5_Demo\AngularJS5_Demo\ng5\myTest-app\node_modules\@schematics\angular\application\files\dist\out-tsc\__sourcedir__\test.js
G:\My Soft\AngularJS5_Demo\AngularJS5_Demo\ng5\myTest-app\node_modules\@schematics\angular\application\files\dist\out-tsc\__sourcedir__\test.js.map
G:\My Soft\AngularJS5_Demo\AngularJS5_Demo\ng5\myTest-app\node_modules\@schematics\angular\application\files\dist\out-tsc\__sourcedir__\environments\environment.prod.js
G:\My Soft\AngularJS5_Demo\AngularJS5_Demo\ng5\myTest-app\node_modules\@schematics\angular\application\files\dist\out-tsc\__sourcedir__\environments\environment.prod.js.map
G:\My Soft\AngularJS5_Demo\AngularJS5_Demo\ng5\myTest-app\node_modules\@schematics\angular\application\files\dist\out-tsc\e2e\app.po.js
G:\My Soft\AngularJS5_Demo\AngularJS5_Demo\ng5\myTest-app\node_modules\@schematics\angular\application\files\dist\out-tsc\e2e\app.po.js.map
G:\My Soft\AngularJS5_Demo\AngularJS5_Demo\ng5\myTest-app\node_modules\@schematics\angular\application\files\dist\out-tsc\e2e\app.e2e-spec.js
G:\My Soft\AngularJS5_Demo\AngularJS5_Demo\ng5\myTest-app\node_modules\@schematics\angular\application\files\dist\out-tsc\e2e\app.e2e-spec.js.map
